<?xml version="1.0" encoding="UTF-8"?>
<testsuite xmlns:xsi="http://www.w3.org/2001/XMLSchema-instance" xsi:noNamespaceSchemaLocation="https://maven.apache.org/surefire/maven-surefire-plugin/xsd/surefire-test-report-3.0.xsd" version="3.0" name="com.zkz.dao.BookDaoTest" time="0.707" tests="8" errors="0" skipped="0" failures="0">
  <properties>
[...]
</properties>
  <testcase name="getBookByCategoryId" classname="com.zkz.dao.BookDaoTest" time="0.619">
    <system-out><![CDATA[ppp2
40
Book{id=1, code='b_001', name='《深入理解计算机系统 》', authors='（美）布赖恩特（Bryant,R.E.）等', press='机械工业出版社', imageUrl='1.jpg', description='《深入理解计算机系统》 是理解计算机系统首选书目，是10余万程序员的共同选择。卡内基-梅隆、北京大学、清华大学、上海交通大学等国内外众多知名高校选用指定教材。从程序员视角全面剖析的实现细节，使读者深刻理解程序的行为，将所有计算机系统的相关知识融会贯通', publishDate='2016-11-14 00:00:00', price='114.70', status='不在库', categoryId='1'}
]]></system-out>
    <system-err><![CDATA[10月 15, 2024 5:38:36 下午 com.alibaba.druid.support.logging.JakartaCommonsLoggingImpl info
信息: {dataSource-1} inited
]]></system-err>
  </testcase>
  <testcase name="addBook" classname="com.zkz.dao.BookDaoTest" time="0.022">
    <system-out><![CDATA[true
]]></system-out>
  </testcase>
  <testcase name="updateStatus" classname="com.zkz.dao.BookDaoTest" time="0.018"/>
  <testcase name="bookStatistics" classname="com.zkz.dao.BookDaoTest" time="0.002">
    <system-out><![CDATA[[1, 12, 2, 5, 5, 5, 4, 3, 4]
]]></system-out>
  </testcase>
  <testcase name="getBookById" classname="com.zkz.dao.BookDaoTest" time="0.004">
    <system-out><![CDATA[Book{id=2, code='b_002', name='《Python编程：从入门到实践（第2版）》', authors='埃里克·马瑟斯（Eric Matthes）', press='
人民邮电出版社', imageUrl='2.jpg', description='本书是针对所有层次Python读者而作的Python入门书。全书分两部分：第一部分介绍用Python编程所必须了解的基本概念，包括强大的Python库和工具，以及列表、字典、if语句、类、文件与异常、代码测试等内容；第二部分将理论付诸实践，讲解如何开发三个项目，包括简单的2D游戏、利用数据生成交互式的信息图以及创建和定制简单的Web应用，并帮助读者解决常见编程问题和困惑。第2版进行了全面修订，简化了Python安装流程，新增了f字符串、get()方法等内容，并且在项目中使用了Plotly库以及新版本的Django和Bootstrap，等等。', publishDate='2021-04-01 00:00:00', price='109.80', status='在库', categoryId='2'}
]]></system-out>
  </testcase>
  <testcase name="checkStatus" classname="com.zkz.dao.BookDaoTest" time="0.003">
    <system-out><![CDATA[在库
]]></system-out>
  </testcase>
  <testcase name="editBook" classname="com.zkz.dao.BookDaoTest" time="0.004">
    <system-out><![CDATA[true
]]></system-out>
  </testcase>
  <testcase name="getBookByKey" classname="com.zkz.dao.BookDaoTest" time="0.004">
    <system-out><![CDATA[2
]]></system-out>
  </testcase>
</testsuite>