<?xml version="1.0" encoding="UTF-8"?>
<testsuite xmlns:xsi="http://www.w3.org/2001/XMLSchema-instance" xsi:noNamespaceSchemaLocation="https://maven.apache.org/surefire/maven-surefire-plugin/xsd/surefire-test-report-3.0.xsd" version="3.0" name="com.zkz.dao.FineDaoTest" time="0.038" tests="4" errors="0" skipped="0" failures="0">
  <properties>
[...]
</properties>
  <testcase name="isPayFine" classname="com.zkz.dao.FineDaoTest" time="0.007">
    <system-out><![CDATA[true
]]></system-out>
  </testcase>
  <testcase name="payFine" classname="com.zkz.dao.FineDaoTest" time="0.004">
    <system-out><![CDATA[false
]]></system-out>
  </testcase>
  <testcase name="addFineRecord" classname="com.zkz.dao.FineDaoTest" time="0.017">
    <system-out><![CDATA[true
]]></system-out>
  </testcase>
  <testcase name="fineStatistics" classname="com.zkz.dao.FineDaoTest" time="0.004">
    <system-out><![CDATA[[3, 4]
]]></system-out>
  </testcase>
</testsuite>